<?xml version="1.0" encoding="UTF-8"?>
<!-- Generated by org.testng.reporters.JUnitReportReporter -->
<testsuite hostname="DESKTOP-RKD26HG" failures="0" tests="1" name="testCases.TC001_AccountRegistration_test" time="4.688" errors="0" timestamp="2024-10-12T21:39:09 IST" skipped="0">
  <testcase classname="testCases.TC001_AccountRegistration_test" name="verify_account_registration" time="4.688"/>
</testsuite> <!-- testCases.TC001_AccountRegistration_test -->
