<?xml version="1.0" encoding="UTF-8"?>
<!-- Generated by org.testng.reporters.JUnitReportReporter -->
<testsuite hostname="DESKTOP-RKD26HG" failures="0" tests="1" name="testCases.TC002_LoginTest" time="1.877" errors="0" timestamp="2024-10-12T21:39:09 IST" skipped="0">
  <testcase classname="testCases.TC002_LoginTest" name="verifyLoginFunctionality" time="1.877"/>
</testsuite> <!-- testCases.TC002_LoginTest -->
